<?xml version="1.0" encoding="UTF-8"?>
<!-- Generated by org.testng.reporters.JUnitXMLReporter -->
<testsuite ignored="0" hostname="DESKTOP-PP61822" failures="0" tests="4" name="Test" time="145.805" errors="0" timestamp="2021-06-19T20:50:14 IST">
  <testcase classname="com.test.classes.Testone" name="verifyPlantsPage" time="11.736"/>
  <testcase classname="com.test.classes.TestTwo" name="verifySelectedPlant" time="20.999"/>
  <testcase classname="com.test.classes.TestThree" name="VerifyItemsInCart" time="22.685"/>
  <testcase classname="com.test.classes.TestFour" name="VerifyItemsInCart" time="14.969"/>
</testsuite> <!-- Test -->
